Determining if the pthread_create exist failed with the following output:
Change Dir: /home/cs148/Desktop/group-graphics/CMakeFiles/CMakeTmp

Run Build Command:"/usr/bin/make" "cmTryCompileExec4148907097/fast"
/usr/bin/make -f CMakeFiles/cmTryCompileExec4148907097.dir/build.make CMakeFiles/cmTryCompileExec4148907097.dir/build
make[1]: Entering directory `/home/cs148/Desktop/group-graphics/CMakeFiles/CMakeTmp'
/usr/bin/cmake -E cmake_progress_report /home/cs148/Desktop/group-graphics/CMakeFiles/CMakeTmp/CMakeFiles 1
Building C object CMakeFiles/cmTryCompileExec4148907097.dir/CheckSymbolExists.c.o
/usr/bin/cc    -o CMakeFiles/cmTryCompileExec4148907097.dir/CheckSymbolExists.c.o   -c /home/cs148/Desktop/group-graphics/CMakeFiles/CMakeTmp/CheckSymbolExists.c
Linking C executable cmTryCompileExec4148907097
/usr/bin/cmake -E cmake_link_script CMakeFiles/cmTryCompileExec4148907097.dir/link.txt --verbose=1
/usr/bin/cc       CMakeFiles/cmTryCompileExec4148907097.dir/CheckSymbolExists.c.o  -o cmTryCompileExec4148907097 -rdynamic 
CMakeFiles/cmTryCompileExec4148907097.dir/CheckSymbolExists.c.o: In function `main':
CheckSymbolExists.c:(.text+0x16): undefined reference to `pthread_create'
collect2: error: ld returned 1 exit status
make[1]: Leaving directory `/home/cs148/Desktop/group-graphics/CMakeFiles/CMakeTmp'
make[1]: *** [cmTryCompileExec4148907097] Error 1
make: *** [cmTryCompileExec4148907097/fast] Error 2

File /home/cs148/Desktop/group-graphics/CMakeFiles/CMakeTmp/CheckSymbolExists.c:
/* */
#include <pthread.h>

int main(int argc, char** argv)
{
  (void)argv;
#ifndef pthread_create
  return ((int*)(&pthread_create))[argc];
#else
  (void)argc;
  return 0;
#endif
}

Determining if the function pthread_create exists in the pthreads failed with the following output:
Change Dir: /home/cs148/Desktop/group-graphics/CMakeFiles/CMakeTmp

Run Build Command:"/usr/bin/make" "cmTryCompileExec744237235/fast"
/usr/bin/make -f CMakeFiles/cmTryCompileExec744237235.dir/build.make CMakeFiles/cmTryCompileExec744237235.dir/build
make[1]: Entering directory `/home/cs148/Desktop/group-graphics/CMakeFiles/CMakeTmp'
/usr/bin/cmake -E cmake_progress_report /home/cs148/Desktop/group-graphics/CMakeFiles/CMakeTmp/CMakeFiles 1
Building C object CMakeFiles/cmTryCompileExec744237235.dir/CheckFunctionExists.c.o
/usr/bin/cc   -DCHECK_FUNCTION_EXISTS=pthread_create   -o CMakeFiles/cmTryCompileExec744237235.dir/CheckFunctionExists.c.o   -c /usr/share/cmake-3.2/Modules/CheckFunctionExists.c
Linking C executable cmTryCompileExec744237235
/usr/bin/cmake -E cmake_link_script CMakeFiles/cmTryCompileExec744237235.dir/link.txt --verbose=1
/usr/bin/cc   -DCHECK_FUNCTION_EXISTS=pthread_create    CMakeFiles/cmTryCompileExec744237235.dir/CheckFunctionExists.c.o  -o cmTryCompileExec744237235 -rdynamic -lpthreads 
/usr/bin/ld: cannot find -lpthreads
collect2: error: ld returned 1 exit status
make[1]: Leaving directory `/home/cs148/Desktop/group-graphics/CMakeFiles/CMakeTmp'
make[1]: *** [cmTryCompileExec744237235] Error 1
make: *** [cmTryCompileExec744237235/fast] Error 2


Determining if the function glXGetProcAddressEXT exists failed with the following output:
Change Dir: /home/cs148/Desktop/group-graphics/CMakeFiles/CMakeTmp

Run Build Command:"/usr/bin/make" "cmTryCompileExec3618398305/fast"
/usr/bin/make -f CMakeFiles/cmTryCompileExec3618398305.dir/build.make CMakeFiles/cmTryCompileExec3618398305.dir/build
make[1]: Entering directory `/home/cs148/Desktop/group-graphics/CMakeFiles/CMakeTmp'
/usr/bin/cmake -E cmake_progress_report /home/cs148/Desktop/group-graphics/CMakeFiles/CMakeTmp/CMakeFiles 1
Building C object CMakeFiles/cmTryCompileExec3618398305.dir/CheckFunctionExists.c.o
/usr/bin/cc   -DCHECK_FUNCTION_EXISTS=glXGetProcAddressEXT   -o CMakeFiles/cmTryCompileExec3618398305.dir/CheckFunctionExists.c.o   -c /usr/share/cmake-3.2/Modules/CheckFunctionExists.c
Linking C executable cmTryCompileExec3618398305
/usr/bin/cmake -E cmake_link_script CMakeFiles/cmTryCompileExec3618398305.dir/link.txt --verbose=1
/usr/bin/cc   -DCHECK_FUNCTION_EXISTS=glXGetProcAddressEXT    CMakeFiles/cmTryCompileExec3618398305.dir/CheckFunctionExists.c.o  -o cmTryCompileExec3618398305 -rdynamic -lGL 
CMakeFiles/cmTryCompileExec3618398305.dir/CheckFunctionExists.c.o: In function `main':
CheckFunctionExists.c:(.text+0x15): undefined reference to `glXGetProcAddressEXT'
collect2: error: ld returned 1 exit status
make[1]: Leaving directory `/home/cs148/Desktop/group-graphics/CMakeFiles/CMakeTmp'
make[1]: *** [cmTryCompileExec3618398305] Error 1
make: *** [cmTryCompileExec3618398305/fast] Error 2


