Determining if the pthread_create exist failed with the following output:
Change Dir: /home/cs148/Desktop/group-graphics/build/CMakeFiles/CMakeTmp

Run Build Command:"/usr/bin/make" "cmTryCompileExec2322062216/fast"
make[1]: Entering directory `/home/cs148/Desktop/group-graphics/build/CMakeFiles/CMakeTmp'
/usr/bin/make -f CMakeFiles/cmTryCompileExec2322062216.dir/build.make CMakeFiles/cmTryCompileExec2322062216.dir/build
make[2]: Entering directory `/home/cs148/Desktop/group-graphics/build/CMakeFiles/CMakeTmp'
/usr/bin/cmake -E cmake_progress_report /home/cs148/Desktop/group-graphics/build/CMakeFiles/CMakeTmp/CMakeFiles 1
Building C object CMakeFiles/cmTryCompileExec2322062216.dir/CheckSymbolExists.c.o
/usr/bin/cc    -o CMakeFiles/cmTryCompileExec2322062216.dir/CheckSymbolExists.c.o   -c /home/cs148/Desktop/group-graphics/build/CMakeFiles/CMakeTmp/CheckSymbolExists.c
Linking C executable cmTryCompileExec2322062216
/usr/bin/cmake -E cmake_link_script CMakeFiles/cmTryCompileExec2322062216.dir/link.txt --verbose=1
/usr/bin/cc       CMakeFiles/cmTryCompileExec2322062216.dir/CheckSymbolExists.c.o  -o cmTryCompileExec2322062216 -rdynamic 
CMakeFiles/cmTryCompileExec2322062216.dir/CheckSymbolExists.c.o: In function `main':
CheckSymbolExists.c:(.text+0x16): undefined reference to `pthread_create'
collect2: error: ld returned 1 exit status
make[2]: Leaving directory `/home/cs148/Desktop/group-graphics/build/CMakeFiles/CMakeTmp'
make[1]: Leaving directory `/home/cs148/Desktop/group-graphics/build/CMakeFiles/CMakeTmp'
make[2]: *** [cmTryCompileExec2322062216] Error 1
make[1]: *** [cmTryCompileExec2322062216/fast] Error 2

File /home/cs148/Desktop/group-graphics/build/CMakeFiles/CMakeTmp/CheckSymbolExists.c:
/* */
#include <pthread.h>

int main(int argc, char** argv)
{
  (void)argv;
#ifndef pthread_create
  return ((int*)(&pthread_create))[argc];
#else
  (void)argc;
  return 0;
#endif
}

Determining if the function pthread_create exists in the pthreads failed with the following output:
Change Dir: /home/cs148/Desktop/group-graphics/build/CMakeFiles/CMakeTmp

Run Build Command:"/usr/bin/make" "cmTryCompileExec2829439796/fast"
make[1]: Entering directory `/home/cs148/Desktop/group-graphics/build/CMakeFiles/CMakeTmp'
/usr/bin/make -f CMakeFiles/cmTryCompileExec2829439796.dir/build.make CMakeFiles/cmTryCompileExec2829439796.dir/build
make[2]: Entering directory `/home/cs148/Desktop/group-graphics/build/CMakeFiles/CMakeTmp'
/usr/bin/cmake -E cmake_progress_report /home/cs148/Desktop/group-graphics/build/CMakeFiles/CMakeTmp/CMakeFiles 1
Building C object CMakeFiles/cmTryCompileExec2829439796.dir/CheckFunctionExists.c.o
/usr/bin/cc   -DCHECK_FUNCTION_EXISTS=pthread_create   -o CMakeFiles/cmTryCompileExec2829439796.dir/CheckFunctionExists.c.o   -c /usr/share/cmake-3.2/Modules/CheckFunctionExists.c
Linking C executable cmTryCompileExec2829439796
/usr/bin/cmake -E cmake_link_script CMakeFiles/cmTryCompileExec2829439796.dir/link.txt --verbose=1
/usr/bin/cc   -DCHECK_FUNCTION_EXISTS=pthread_create    CMakeFiles/cmTryCompileExec2829439796.dir/CheckFunctionExists.c.o  -o cmTryCompileExec2829439796 -rdynamic -lpthreads 
/usr/bin/ld: cannot find -lpthreads
collect2: error: ld returned 1 exit status
make[2]: Leaving directory `/home/cs148/Desktop/group-graphics/build/CMakeFiles/CMakeTmp'
make[1]: Leaving directory `/home/cs148/Desktop/group-graphics/build/CMakeFiles/CMakeTmp'
make[2]: *** [cmTryCompileExec2829439796] Error 1
make[1]: *** [cmTryCompileExec2829439796/fast] Error 2


Determining if the function glXGetProcAddressEXT exists failed with the following output:
Change Dir: /home/cs148/Desktop/group-graphics/build/CMakeFiles/CMakeTmp

Run Build Command:"/usr/bin/make" "cmTryCompileExec3560268059/fast"
make[1]: Entering directory `/home/cs148/Desktop/group-graphics/build/CMakeFiles/CMakeTmp'
/usr/bin/make -f CMakeFiles/cmTryCompileExec3560268059.dir/build.make CMakeFiles/cmTryCompileExec3560268059.dir/build
make[2]: Entering directory `/home/cs148/Desktop/group-graphics/build/CMakeFiles/CMakeTmp'
/usr/bin/cmake -E cmake_progress_report /home/cs148/Desktop/group-graphics/build/CMakeFiles/CMakeTmp/CMakeFiles 1
Building C object CMakeFiles/cmTryCompileExec3560268059.dir/CheckFunctionExists.c.o
/usr/bin/cc   -DCHECK_FUNCTION_EXISTS=glXGetProcAddressEXT   -o CMakeFiles/cmTryCompileExec3560268059.dir/CheckFunctionExists.c.o   -c /usr/share/cmake-3.2/Modules/CheckFunctionExists.c
Linking C executable cmTryCompileExec3560268059
/usr/bin/cmake -E cmake_link_script CMakeFiles/cmTryCompileExec3560268059.dir/link.txt --verbose=1
/usr/bin/cc   -DCHECK_FUNCTION_EXISTS=glXGetProcAddressEXT    CMakeFiles/cmTryCompileExec3560268059.dir/CheckFunctionExists.c.o  -o cmTryCompileExec3560268059 -rdynamic -lGL 
CMakeFiles/cmTryCompileExec3560268059.dir/CheckFunctionExists.c.o: In function `main':
CheckFunctionExists.c:(.text+0x15): undefined reference to `glXGetProcAddressEXT'
collect2: error: ld returned 1 exit status
make[2]: Leaving directory `/home/cs148/Desktop/group-graphics/build/CMakeFiles/CMakeTmp'
make[1]: Leaving directory `/home/cs148/Desktop/group-graphics/build/CMakeFiles/CMakeTmp'
make[2]: *** [cmTryCompileExec3560268059] Error 1
make[1]: *** [cmTryCompileExec3560268059/fast] Error 2


